{"uid":"ce534e569fa90638","name":"testBudgetsCorrectMonthAndYear","fullName":"test.BudgetsTest.testBudgetsCorrectMonthAndYear","historyId":"b89450cb538ab35073a44de2f4e32c4c","time":{"start":1721727968270,"stop":1721727969552,"duration":1282},"description":"Budgets correct month and year FI-T8","descriptionHtml":"<p>Budgets correct month and year FI-T8</p>\n","status":"passed","flaky":false,"newFailed":false,"newBroken":false,"newPassed":false,"retriesCount":0,"retriesStatusChange":false,"beforeStages":[{"name":"beforeMethod","time":{"start":1721727967252,"stop":1721727968267,"duration":1015},"description":"","status":"passed","steps":[],"attachments":[],"parameters":[],"shouldDisplayMessage":false,"stepsCount":0,"attachmentsCount":0,"hasContent":false}],"testStage":{"description":"Budgets correct month and year FI-T8","status":"passed","steps":[{"name":"Click 'Budgets' button on sidebar","time":{"start":1721727969199,"stop":1721727969531,"duration":332},"status":"passed","steps":[],"attachments":[],"parameters":[],"shouldDisplayMessage":false,"stepsCount":0,"attachmentsCount":0,"hasContent":false},{"name":"At top in the middle month and year will be written correctly according to the locale, example: July 2024","time":{"start":1721727969551,"stop":1721727969551,"duration":0},"status":"passed","steps":[],"attachments":[],"parameters":[],"shouldDisplayMessage":false,"stepsCount":0,"attachmentsCount":0,"hasContent":false}],"attachments":[],"parameters":[],"shouldDisplayMessage":false,"stepsCount":2,"attachmentsCount":0,"hasContent":true},"afterStages":[{"name":"afterMethod","time":{"start":1721727969553,"stop":1721727970000,"duration":447},"description":"","status":"passed","steps":[],"attachments":[],"parameters":[],"shouldDisplayMessage":false,"stepsCount":0,"attachmentsCount":0,"hasContent":false}],"labels":[{"name":"package","value":"test.BudgetsTest"},{"name":"testClass","value":"test.BudgetsTest"},{"name":"testMethod","value":"testBudgetsCorrectMonthAndYear"},{"name":"parentSuite","value":"Surefire suite"},{"name":"suite","value":"Surefire test"},{"name":"subSuite","value":"test.BudgetsTest"},{"name":"host","value":"fv-az1208-52"},{"name":"thread","value":"2941@fv-az1208-52.main(1)"},{"name":"framework","value":"testng"},{"name":"language","value":"java"},{"name":"story","value":"Budgets"},{"name":"severity","value":"normal"},{"name":"resultFormat","value":"allure2"}],"parameters":[],"links":[],"hidden":false,"retry":false,"extra":{"severity":"normal","retries":[],"categories":[],"history":{"statistic":{"failed":0,"broken":0,"skipped":18,"passed":8,"unknown":0,"total":26},"items":[{"uid":"6d143ce2ee5091d4","reportUrl":"https://Vlad1kek.github.io/Firefly_III_Test_Automation/115//#testresult/6d143ce2ee5091d4","status":"passed","time":{"start":1721690735497,"stop":1721690736684,"duration":1187}},{"uid":"8a8c24d32fa2a95a","reportUrl":"https://Vlad1kek.github.io/Firefly_III_Test_Automation/114//#testresult/8a8c24d32fa2a95a","status":"skipped","statusDetails":"java.lang.RuntimeException: Something went wrong while clearing data 404","time":{"start":1721689680704,"stop":1721689680704,"duration":0}},{"uid":"3f36a1b613421bbf","reportUrl":"https://Vlad1kek.github.io/Firefly_III_Test_Automation/113//#testresult/3f36a1b613421bbf","status":"skipped","statusDetails":"java.net.UnknownHostException: app: Temporary failure in name resolution","time":{"start":1721670613305,"stop":1721670613306,"duration":1}},{"uid":"5e8367a188d67731","reportUrl":"https://Vlad1kek.github.io/Firefly_III_Test_Automation/112//#testresult/5e8367a188d67731","status":"skipped","statusDetails":"java.lang.RuntimeException: Something went wrong while clearing data io.restassured.internal.ValidatableResponseImpl@2da273b3","time":{"start":1721669970114,"stop":1721669970115,"duration":1}},{"uid":"efbb67824a64fb5a","reportUrl":"https://Vlad1kek.github.io/Firefly_III_Test_Automation/111//#testresult/efbb67824a64fb5a","status":"skipped","statusDetails":"java.lang.RuntimeException: Something went wrong while clearing dataio.restassured.internal.ValidatableResponseImpl@1c8d9ac9","time":{"start":1721669032965,"stop":1721669032965,"duration":0}},{"uid":"524f9fa2289b5c1","reportUrl":"https://Vlad1kek.github.io/Firefly_III_Test_Automation/110//#testresult/524f9fa2289b5c1","status":"skipped","statusDetails":"java.lang.RuntimeException: Something went wrong while clearing dataio.restassured.internal.ValidatableResponseImpl@5cb42eb2","time":{"start":1721668614790,"stop":1721668614791,"duration":1}},{"uid":"6f7b589647ae4a34","reportUrl":"https://Vlad1kek.github.io/Firefly_III_Test_Automation/109//#testresult/6f7b589647ae4a34","status":"skipped","statusDetails":"java.lang.RuntimeException: Something went wrong while clearing dataio.restassured.internal.ValidatableResponseImpl@387bbd7a","time":{"start":1721667385073,"stop":1721667385073,"duration":0}},{"uid":"26c92d96b7cfc1a7","reportUrl":"https://Vlad1kek.github.io/Firefly_III_Test_Automation/109//#testresult/26c92d96b7cfc1a7","status":"skipped","statusDetails":"java.lang.RuntimeException: Something went wrong while clearing dataio.restassured.internal.ValidatableResponseImpl@3003d288","time":{"start":1721666693690,"stop":1721666693691,"duration":1}},{"uid":"2ae90d9d605e1bac","reportUrl":"https://Vlad1kek.github.io/Firefly_III_Test_Automation/108//#testresult/2ae90d9d605e1bac","status":"skipped","statusDetails":"java.lang.RuntimeException: Authorization does not work with token:","time":{"start":1721601636927,"stop":1721601636927,"duration":0}},{"uid":"cd9fd964baf1032a","reportUrl":"https://Vlad1kek.github.io/Firefly_III_Test_Automation/107//#testresult/cd9fd964baf1032a","status":"skipped","statusDetails":"java.lang.RuntimeException: Authorization does not work with token:","time":{"start":1721600923542,"stop":1721600923542,"duration":0}},{"uid":"4ff4c389e63d4ce9","reportUrl":"https://Vlad1kek.github.io/Firefly_III_Test_Automation/106//#testresult/4ff4c389e63d4ce9","status":"skipped","statusDetails":"java.lang.RuntimeException: Authorization does not work with token:","time":{"start":1721599102755,"stop":1721599102756,"duration":1}},{"uid":"a786eeb9bb783aaf","reportUrl":"https://Vlad1kek.github.io/Firefly_III_Test_Automation/105//#testresult/a786eeb9bb783aaf","status":"skipped","statusDetails":"java.lang.RuntimeException: Authorization does not work with token:","time":{"start":1721598071478,"stop":1721598071479,"duration":1}},{"uid":"9848573e5117cc0e","reportUrl":"https://Vlad1kek.github.io/Firefly_III_Test_Automation/104//#testresult/9848573e5117cc0e","status":"skipped","statusDetails":"java.lang.RuntimeException: Authorization does not work with token:","time":{"start":1721596041366,"stop":1721596041366,"duration":0}},{"uid":"54a5c40661fa0651","reportUrl":"https://Vlad1kek.github.io/Firefly_III_Test_Automation/103//#testresult/54a5c40661fa0651","status":"skipped","statusDetails":"java.lang.RuntimeException: Authorization does not work with token:null","time":{"start":1721594892478,"stop":1721594892478,"duration":0}},{"uid":"37b70fa46354fcda","reportUrl":"https://Vlad1kek.github.io/Firefly_III_Test_Automation/102//#testresult/37b70fa46354fcda","status":"passed","time":{"start":1721421889831,"stop":1721421891031,"duration":1200}},{"uid":"d82163dd3e851b3a","reportUrl":"https://Vlad1kek.github.io/Firefly_III_Test_Automation/101//#testresult/d82163dd3e851b3a","status":"skipped","statusDetails":"java.lang.NullPointerException: Cannot invoke \"com.fasterxml.jackson.databind.JsonNode.iterator()\" because \"dataNode\" is null","time":{"start":1721420876005,"stop":1721420876005,"duration":0}},{"uid":"2fe11758db7eb938","reportUrl":"https://Vlad1kek.github.io/Firefly_III_Test_Automation/100//#testresult/2fe11758db7eb938","status":"skipped","statusDetails":"no such element: Unable to locate element: {\"method\":\"xpath\",\"selector\":\"//button[@type='token']\"}\n  (Session info: chrome=126.0.6478.126)\nFor documentation on this error, please visit: https://www.selenium.dev/documentation/webdriver/troubleshooting/errors#no-such-element-exception\nBuild info: version: '4.22.0', revision: 'c5f3146703*'\nSystem info: os.name: 'Linux', os.arch: 'amd64', os.version: '6.5.0-1023-azure', java.version: '17.0.12'\nDriver info: org.openqa.selenium.chrome.ChromeDriver\nCommand: [aae378c80a675714c507d171dcf48031, findElement {value=//button[@type='token'], using=xpath}]\nCapabilities {acceptInsecureCerts: false, browserName: chrome, browserVersion: 126.0.6478.126, chrome: {chromedriverVersion: 126.0.6478.182 (5b5d8292ddf..., userDataDir: /tmp/.org.chromium.Chromium...}, fedcm:accounts: true, goog:chromeOptions: {debuggerAddress: localhost:41767}, networkConnectionEnabled: false, pageLoadStrategy: normal, platformName: linux, proxy: Proxy(), se:cdp: ws://localhost:41767/devtoo..., se:cdpVersion: 126.0.6478.126, setWindowRect: true, strictFileInteractability: false, timeouts: {implicit: 0, pageLoad: 300000, script: 30000}, unhandledPromptBehavior: dismiss and notify, webauthn:extension:credBlob: true, webauthn:extension:largeBlob: true, webauthn:extension:minPinLength: true, webauthn:extension:prf: true, webauthn:virtualAuthenticators: true}\nSession ID: aae378c80a675714c507d171dcf48031","time":{"start":1721420222484,"stop":1721420222484,"duration":0}},{"uid":"18dec92b43e17afb","reportUrl":"https://Vlad1kek.github.io/Firefly_III_Test_Automation/99//#testresult/18dec92b43e17afb","status":"skipped","statusDetails":"no such element: Unable to locate element: {\"method\":\"xpath\",\"selector\":\"//button[@type='test@gmail.com']\"}\n  (Session info: chrome=126.0.6478.126)\nFor documentation on this error, please visit: https://www.selenium.dev/documentation/webdriver/troubleshooting/errors#no-such-element-exception\nBuild info: version: '4.22.0', revision: 'c5f3146703*'\nSystem info: os.name: 'Linux', os.arch: 'amd64', os.version: '6.5.0-1023-azure', java.version: '17.0.12'\nDriver info: org.openqa.selenium.chrome.ChromeDriver\nCommand: [06198bd36ebf00142ea395724b8ae7a2, findElement {using=xpath, value=//button[@type='test@gmail.com']}]\nCapabilities {acceptInsecureCerts: false, browserName: chrome, browserVersion: 126.0.6478.126, chrome: {chromedriverVersion: 126.0.6478.182 (5b5d8292ddf..., userDataDir: /tmp/.org.chromium.Chromium...}, fedcm:accounts: true, goog:chromeOptions: {debuggerAddress: localhost:44273}, networkConnectionEnabled: false, pageLoadStrategy: normal, platformName: linux, proxy: Proxy(), se:cdp: ws://localhost:44273/devtoo..., se:cdpVersion: 126.0.6478.126, setWindowRect: true, strictFileInteractability: false, timeouts: {implicit: 0, pageLoad: 300000, script: 30000}, unhandledPromptBehavior: dismiss and notify, webauthn:extension:credBlob: true, webauthn:extension:largeBlob: true, webauthn:extension:minPinLength: true, webauthn:extension:prf: true, webauthn:virtualAuthenticators: true}\nSession ID: 06198bd36ebf00142ea395724b8ae7a2","time":{"start":1721418200842,"stop":1721418200843,"duration":1}},{"uid":"8b0ca8ab753242ee","reportUrl":"https://Vlad1kek.github.io/Firefly_III_Test_Automation/98//#testresult/8b0ca8ab753242ee","status":"skipped","statusDetails":"unknown error: net::ERR_NAME_NOT_RESOLVED\n  (Session info: chrome=126.0.6478.126)\nBuild info: version: '4.22.0', revision: 'c5f3146703*'\nSystem info: os.name: 'Linux', os.arch: 'amd64', os.version: '6.5.0-1023-azure', java.version: '17.0.12'\nDriver info: org.openqa.selenium.chrome.ChromeDriver\nCommand: [9392fd5e58d95fc84dae523c60b34cbb, get {url=http://null/}]\nCapabilities {acceptInsecureCerts: false, browserName: chrome, browserVersion: 126.0.6478.126, chrome: {chromedriverVersion: 126.0.6478.182 (5b5d8292ddf..., userDataDir: /tmp/.org.chromium.Chromium...}, fedcm:accounts: true, goog:chromeOptions: {debuggerAddress: localhost:33165}, networkConnectionEnabled: false, pageLoadStrategy: normal, platformName: linux, proxy: Proxy(), se:cdp: ws://localhost:33165/devtoo..., se:cdpVersion: 126.0.6478.126, setWindowRect: true, strictFileInteractability: false, timeouts: {implicit: 0, pageLoad: 300000, script: 30000}, unhandledPromptBehavior: dismiss and notify, webauthn:extension:credBlob: true, webauthn:extension:largeBlob: true, webauthn:extension:minPinLength: true, webauthn:extension:prf: true, webauthn:virtualAuthenticators: true}\nSession ID: 9392fd5e58d95fc84dae523c60b34cbb","time":{"start":1721417368744,"stop":1721417368745,"duration":1}},{"uid":"cfc0171072dbef2d","reportUrl":"https://Vlad1kek.github.io/Firefly_III_Test_Automation/97//#testresult/cfc0171072dbef2d","status":"skipped","statusDetails":"unknown error: net::ERR_NAME_NOT_RESOLVED\n  (Session info: chrome=126.0.6478.126)\nBuild info: version: '4.18.1', revision: 'b1d3319b48'\nSystem info: os.name: 'Linux', os.arch: 'amd64', os.version: '6.5.0-1023-azure', java.version: '17.0.12'\nDriver info: org.openqa.selenium.chrome.ChromeDriver\nCommand: [e12afbe71908aa377445fa6cdd65b200, get {url=http://null/}]\nCapabilities {acceptInsecureCerts: false, browserName: chrome, browserVersion: 126.0.6478.126, chrome: {chromedriverVersion: 126.0.6478.182 (5b5d8292ddf..., userDataDir: /tmp/.org.chromium.Chromium...}, fedcm:accounts: true, goog:chromeOptions: {debuggerAddress: localhost:38613}, networkConnectionEnabled: false, pageLoadStrategy: normal, platformName: linux, proxy: Proxy(), se:cdp: ws://localhost:38613/devtoo..., se:cdpVersion: 126.0.6478.126, setWindowRect: true, strictFileInteractability: false, timeouts: {implicit: 0, pageLoad: 300000, script: 30000}, unhandledPromptBehavior: dismiss and notify, webauthn:extension:credBlob: true, webauthn:extension:largeBlob: true, webauthn:extension:minPinLength: true, webauthn:extension:prf: true, webauthn:virtualAuthenticators: true}\nSession ID: e12afbe71908aa377445fa6cdd65b200","time":{"start":1721416805542,"stop":1721416805542,"duration":0}}]},"tags":[]},"source":"ce534e569fa90638.json","parameterValues":[]}